{"name": "test_search_a_invalid_element", "status": "broken", "statusDetails": {"message": "conftest.InvalidWebDriverException: Invalid WebDriver provided: chrome", "trace": "request = <SubRequest 'browser' for <Function test_search_a_invalid_element>>\n\n    @pytest.fixture()\n    def browser(request):\n        browser = config_reader.read_configuration(\"app\",\"browser\").strip().lower()\n        if browser == (\"Chrome\"):\n            driver = webdriver.Chrome()\n        elif browser == (\"firefox\"):\n            driver = webdriver.Firefox()\n        elif browser == (\"edge\"):\n            driver = webdriver.Edge()\n        else:\n>           raise InvalidWebDriverException(f\"Invalid WebDriver provided: {browser}\")\nE           conftest.InvalidWebDriverException: Invalid WebDriver provided: chrome\n\ntests\\conftest.py:28: InvalidWebDriverException"}, "start": 1768150967278, "stop": 1768150967278, "uuid": "f9af2f12-ae4c-4fa2-bc3f-77ccd0d6d097", "historyId": "580fe80afec3b331f5b5e4d74b0bec00", "testCaseId": "580fe80afec3b331f5b5e4d74b0bec00", "fullName": "tutorial_ninja.tests.test_search.TestSearch#test_search_a_invalid_element", "labels": [{"name": "parentSuite", "value": "tutorial_ninja.tests"}, {"name": "suite", "value": "test_search"}, {"name": "subSuite", "value": "TestSearch"}, {"name": "host", "value": "DESKTOP-B02M732"}, {"name": "thread", "value": "36040-MainThread"}, {"name": "framework", "value": "pytest"}, {"name": "language", "value": "cpython3"}, {"name": "package", "value": "tutorial_ninja.tests.test_search"}], "titlePath": ["tutorial_ninja", "tests", "test_search.py", "TestSearch"]}