{"name": "test_search_with_no_context", "status": "broken", "statusDetails": {"message": "selenium.common.exceptions.InvalidArgumentException: Message: invalid argument\n  (Session info: chrome=143.0.7499.193)\nStacktrace:\nSymbols not available. Dumping unresolved backtrace:\n\t0x7ff6135388d5\n\t0x7ff613538930\n\t0x7ff613311465\n\t0x7ff6132fdf88\n\t0x7ff6132fc3d4\n\t0x7ff6132fc9f2\n\t0x7ff613315950\n\t0x7ff6133bbad4\n\t0x7ff613391fda\n\t0x7ff6133bac97\n\t0x7ff61335ac29\n\t0x7ff61335ba93\n\t0x7ff613850620\n\t0x7ff61384af60\n\t0x7ff6138696c6\n\t0x7ff613555dd4\n\t0x7ff61355ed7c\n\t0x7ff613541ff4\n\t0x7ff6135421a5\n\t0x7ff613527ed2\n\t0x7ffc1a64e8d7\n\t0x7ffc1abcc53c", "trace": "request = <SubRequest 'browser' for <Function test_search_with_no_context>>\n\n    @pytest.fixture()\n    def browser(request):\n        browser = config_reader.read_configuration(\"app\",\"browser\").strip().lower()\n        if browser == (\"chrome\"):\n            driver = webdriver.Chrome()\n        elif browser == (\"firefox\"):\n            driver = webdriver.Firefox()\n        elif browser == (\"edge\"):\n            driver = webdriver.Edge()\n        else:\n            raise InvalidWebDriverException(f\"Invalid WebDriver provided: {browser}\")\n        # if request.param == \"Chrome\":\n        #     options = ChromeOptions()\n        #     options.add_argument(\"--headless\")\n        #     options.add_argument(\"--window-size=1920,1080\")\n        #     driver = webdriver.Chrome(options=options)\n        # elif request.param == \"Firefox\":\n        #     options = FirefoxOptions()\n        #     options.add_argument(\"-headless\")   # <-- THIS is the key\n        #     options.add_argument(\"--width=1920\")\n        #     options.add_argument(\"--height=1080\")\n        #     driver = webdriver.Firefox(options=options)\n        # else:\n        #     options = EdgeOptions()\n        #     options.add_argument(\"--headless\")\n        #     options.add_argument(\"--window-size=1920,1080\")\n        #     driver = webdriver.Edge(options=options)\n        # driver = webdriver.Chrome()\n        driver.maximize_window()\n        app_url = config_reader.read_configuration(\"app\",\"url\")\n>       driver.get(app_url)\n\ntests\\conftest.py:48: \n_ _ _ _ _ _ _ _ _ _ _ _ _ _ _ _ _ _ _ _ _ _ _ _ _ _ _ _ _ _ _ _ _ _ _ _ _ _ _ _ _ _ _ _ _ _ _ _ _ _ _ _ _ _ _ _ _ _ _ _ _ _ _ _ _ _ _ _ _ _ _\n..\\..\\..\\..\\AppData\\Local\\Programs\\Python\\Python314\\Lib\\site-packages\\selenium\\webdriver\\remote\\webdriver.py:483: in get\n    self.execute(Command.GET, {\"url\": url})\n..\\..\\..\\..\\AppData\\Local\\Programs\\Python\\Python314\\Lib\\site-packages\\selenium\\webdriver\\remote\\webdriver.py:458: in execute\n    self.error_handler.check_response(response)\n_ _ _ _ _ _ _ _ _ _ _ _ _ _ _ _ _ _ _ _ _ _ _ _ _ _ _ _ _ _ _ _ _ _ _ _ _ _ _ _ _ _ _ _ _ _ _ _ _ _ _ _ _ _ _ _ _ _ _ _ _ _ _ _ _ _ _ _ _ _ _\n\nself = <selenium.webdriver.remote.errorhandler.ErrorHandler object at 0x000001FD0FD6DBD0>\nresponse = {'status': 400, 'value': '{\"value\":{\"error\":\"invalid argument\",\"message\":\"invalid argument\\\\n  (Session info: chrome=1...ff61355ed7c\\\\n\\\\t0x7ff613541ff4\\\\n\\\\t0x7ff6135421a5\\\\n\\\\t0x7ff613527ed2\\\\n\\\\t0x7ffc1a64e8d7\\\\n\\\\t0x7ffc1abcc53c\\\\n\"}}'}\n\n    def check_response(self, response: dict[str, Any]) -> None:\n        \"\"\"Checks that a JSON response from the WebDriver does not have an\n        error.\n    \n        Args:\n            response: The JSON response from the WebDriver server as a dictionary\n                object.\n    \n        Raises:\n            WebDriverException: If the response contains an error message.\n        \"\"\"\n        status = response.get(\"status\", None)\n        if not status or status == ErrorCode.SUCCESS:\n            return\n        value = None\n        message = response.get(\"message\", \"\")\n        screen: str = response.get(\"screen\", \"\")\n        stacktrace = None\n        if isinstance(status, int):\n            value_json = response.get(\"value\", None)\n            if value_json and isinstance(value_json, str):\n                try:\n                    value = json.loads(value_json)\n                    if isinstance(value, dict):\n                        if len(value) == 1:\n                            value = value[\"value\"]\n                        status = value.get(\"error\", None)\n                        if not status:\n                            status = value.get(\"status\", ErrorCode.UNKNOWN_ERROR)\n                            message = value.get(\"value\") or value.get(\"message\")\n                            if not isinstance(message, str):\n                                value = message\n                                message = message.get(\"message\") if isinstance(message, dict) else None\n                        else:\n                            message = value.get(\"message\", None)\n                except ValueError:\n                    pass\n    \n        exception_class: type[WebDriverException]\n        e = ErrorCode()\n        error_codes = [item for item in dir(e) if not item.startswith(\"__\")]\n        for error_code in error_codes:\n            error_info = getattr(ErrorCode, error_code)\n            if isinstance(error_info, list) and status in error_info:\n                exception_class = getattr(ExceptionMapping, error_code, WebDriverException)\n                break\n        else:\n            exception_class = WebDriverException\n    \n        if not value:\n            value = response[\"value\"]\n        if isinstance(value, str):\n            raise exception_class(value)\n        if message == \"\" and \"message\" in value:\n            message = value[\"message\"]\n    \n        screen = None  # type: ignore[assignment]\n        if \"screen\" in value:\n            screen = value[\"screen\"]\n    \n        stacktrace = None\n        st_value = value.get(\"stackTrace\") or value.get(\"stacktrace\")\n        if st_value:\n            if isinstance(st_value, str):\n                stacktrace = st_value.split(\"\\n\")\n            else:\n                stacktrace = []\n                try:\n                    for frame in st_value:\n                        line = frame.get(\"lineNumber\", \"\")\n                        file = frame.get(\"fileName\", \"<anonymous>\")\n                        if line:\n                            file = f\"{file}:{line}\"\n                        meth = frame.get(\"methodName\", \"<anonymous>\")\n                        if \"className\" in frame:\n                            meth = f\"{frame['className']}.{meth}\"\n                        msg = \"    at %s (%s)\"\n                        msg = msg % (meth, file)\n                        stacktrace.append(msg)\n                except TypeError:\n                    pass\n        if exception_class == UnexpectedAlertPresentException:\n            alert_text = None\n            if \"data\" in value:\n                alert_text = value[\"data\"].get(\"text\")\n            elif \"alert\" in value:\n                alert_text = value[\"alert\"].get(\"text\")\n            raise exception_class(message, screen, stacktrace, alert_text)  # type: ignore[call-arg]  # mypy is not smart enough here\n>       raise exception_class(message, screen, stacktrace)\nE       selenium.common.exceptions.InvalidArgumentException: Message: invalid argument\nE         (Session info: chrome=143.0.7499.193)\nE       Stacktrace:\nE       Symbols not available. Dumping unresolved backtrace:\nE       \t0x7ff6135388d5\nE       \t0x7ff613538930\nE       \t0x7ff613311465\nE       \t0x7ff6132fdf88\nE       \t0x7ff6132fc3d4\nE       \t0x7ff6132fc9f2\nE       \t0x7ff613315950\nE       \t0x7ff6133bbad4\nE       \t0x7ff613391fda\nE       \t0x7ff6133bac97\nE       \t0x7ff61335ac29\nE       \t0x7ff61335ba93\nE       \t0x7ff613850620\nE       \t0x7ff61384af60\nE       \t0x7ff6138696c6\nE       \t0x7ff613555dd4\nE       \t0x7ff61355ed7c\nE       \t0x7ff613541ff4\nE       \t0x7ff6135421a5\nE       \t0x7ff613527ed2\nE       \t0x7ffc1a64e8d7\nE       \t0x7ffc1abcc53c\n\n..\\..\\..\\..\\AppData\\Local\\Programs\\Python\\Python314\\Lib\\site-packages\\selenium\\webdriver\\remote\\errorhandler.py:233: InvalidArgumentException"}, "start": 1768151111723, "stop": 1768151111723, "uuid": "85bc92e3-ac42-4483-ad01-e6a35fc93466", "historyId": "cadf3eda48f3d85265a585ee98c33669", "testCaseId": "cadf3eda48f3d85265a585ee98c33669", "fullName": "tutorial_ninja.tests.test_search.TestSearch#test_search_with_no_context", "labels": [{"name": "parentSuite", "value": "tutorial_ninja.tests"}, {"name": "suite", "value": "test_search"}, {"name": "subSuite", "value": "TestSearch"}, {"name": "host", "value": "DESKTOP-B02M732"}, {"name": "thread", "value": "17236-MainThread"}, {"name": "framework", "value": "pytest"}, {"name": "language", "value": "cpython3"}, {"name": "package", "value": "tutorial_ninja.tests.test_search"}], "titlePath": ["tutorial_ninja", "tests", "test_search.py", "TestSearch"]}