{"name": "test_search_with_no_context", "status": "broken", "statusDetails": {"message": "conftest.InvalidWebDriverException: Invalid WebDriver provided: chrome", "trace": "request = <SubRequest 'browser' for <Function test_search_with_no_context>>\n\n    @pytest.fixture()\n    def browser(request):\n        browser = config_reader.read_configuration(\"app\",\"browser\").strip().lower()\n        if browser == (\"Chrome\"):\n            driver = webdriver.Chrome()\n        elif browser == (\"firefox\"):\n            driver = webdriver.Firefox()\n        elif browser == (\"edge\"):\n            driver = webdriver.Edge()\n        else:\n>           raise InvalidWebDriverException(f\"Invalid WebDriver provided: {browser}\")\nE           conftest.InvalidWebDriverException: Invalid WebDriver provided: chrome\n\ntests\\conftest.py:28: InvalidWebDriverException"}, "start": 1768150967285, "stop": 1768150967285, "uuid": "ae6a789b-99b2-40ec-99dd-b791d9f12730", "historyId": "cadf3eda48f3d85265a585ee98c33669", "testCaseId": "cadf3eda48f3d85265a585ee98c33669", "fullName": "tutorial_ninja.tests.test_search.TestSearch#test_search_with_no_context", "labels": [{"name": "parentSuite", "value": "tutorial_ninja.tests"}, {"name": "suite", "value": "test_search"}, {"name": "subSuite", "value": "TestSearch"}, {"name": "host", "value": "DESKTOP-B02M732"}, {"name": "thread", "value": "36040-MainThread"}, {"name": "framework", "value": "pytest"}, {"name": "language", "value": "cpython3"}, {"name": "package", "value": "tutorial_ninja.tests.test_search"}], "titlePath": ["tutorial_ninja", "tests", "test_search.py", "TestSearch"]}