{"name": "test_search_a_valid_element", "status": "failed", "statusDetails": {"message": "AssertionError: assert False\n +  where False = search_product('macbook')\n +    where search_product = <page_objects.home_page.home_page object at 0x0000021D4E7867B0>.search_product", "trace": "self = <test_search.TestSearch object at 0x0000021D4E7811D0>\n\n    def test_search_a_valid_element(self):\n        home = home_page(self.driver)\n        home.search_product(\"macbook\")\n        allure.attach(self.driver.get_screenshot_as_png(),name=\"macbook\",attachment_type=allure.attachment_type.PNG)\n>       assert home.search_product(\"macbook\")\nE       AssertionError: assert False\nE        +  where False = search_product('macbook')\nE        +    where search_product = <page_objects.home_page.home_page object at 0x0000021D4E7867B0>.search_product\n\ntests\\test_search.py:15: AssertionError"}, "attachments": [{"name": "macbook", "source": "972ab89c-b8ce-4e24-aadb-3e73e3a3e174-attachment.png", "type": "image/png"}], "start": 1768420036962, "stop": 1768420078377, "uuid": "4c2b9e00-21cf-4eb4-beaa-158fd78e32c9", "historyId": "3b89613efaf44fa96d1f222dfe8c558c", "testCaseId": "3b89613efaf44fa96d1f222dfe8c558c", "fullName": "tests.test_search.TestSearch#test_search_a_valid_element", "labels": [{"name": "parentSuite", "value": "tests"}, {"name": "suite", "value": "test_search"}, {"name": "subSuite", "value": "TestSearch"}, {"name": "host", "value": "DESKTOP-B02M732"}, {"name": "thread", "value": "19488-MainThread"}, {"name": "framework", "value": "pytest"}, {"name": "language", "value": "cpython3"}, {"name": "package", "value": "tests.test_search"}], "titlePath": ["tests", "test_search.py", "TestSearch"]}