{"name": "test_search_a_valid_element", "status": "broken", "statusDetails": {"message": "conftest.InvalidWebDriverException: Invalid WebDriver provided: chrome", "trace": "request = <SubRequest 'browser' for <Function test_search_a_valid_element>>\n\n    @pytest.fixture()\n    def browser(request):\n        browser = config_reader.read_configuration(\"app\",\"browser\").lower()\n        if browser.__eq__(\"Chrome\"):\n            driver = webdriver.Chrome()\n        elif browser.__eq__(\"firefox\"):\n            driver = webdriver.Firefox()\n        elif browser.__eq__(\"edge\"):\n            driver = webdriver.Edge()\n        else:\n>           raise InvalidWebDriverException(f\"Invalid WebDriver provided: {browser}\")\nE           conftest.InvalidWebDriverException: Invalid WebDriver provided: chrome\n\ntests\\conftest.py:28: InvalidWebDriverException"}, "start": 1768150459347, "stop": 1768150459347, "uuid": "e9ab8eaa-fcec-4a93-8e74-aeb8c639ad29", "historyId": "ab647f90be1331d1205c7b4491fbf8a4", "testCaseId": "ab647f90be1331d1205c7b4491fbf8a4", "fullName": "tutorial_ninja.tests.test_search.TestSearch#test_search_a_valid_element", "labels": [{"name": "parentSuite", "value": "tutorial_ninja.tests"}, {"name": "suite", "value": "test_search"}, {"name": "subSuite", "value": "TestSearch"}, {"name": "host", "value": "DESKTOP-B02M732"}, {"name": "thread", "value": "5408-MainThread"}, {"name": "framework", "value": "pytest"}, {"name": "language", "value": "cpython3"}, {"name": "package", "value": "tutorial_ninja.tests.test_search"}], "titlePath": ["tutorial_ninja", "tests", "test_search.py", "TestSearch"]}