{"name": "test_search_a_valid_element", "status": "failed", "statusDetails": {"message": "AssertionError: assert None\n +  where None = search_product('macbook')\n +    where search_product = <page_objects.home_page.home_page object at 0x000001FC96896660>.search_product", "trace": "self = <test_search.TestSearch object at 0x000001FC968911D0>\n\n    def test_search_a_valid_element(self):\n        home = home_page(self.driver)\n        home.search_product(\"macbook\")\n        allure.attach(self.driver.get_screenshot_as_png(),name=\"macbook\",attachment_type=allure.attachment_type.PNG)\n>       assert home.search_product(\"macbook\")\nE       AssertionError: assert None\nE        +  where None = search_product('macbook')\nE        +    where search_product = <page_objects.home_page.home_page object at 0x000001FC96896660>.search_product\n\ntests\\test_search.py:15: AssertionError"}, "attachments": [{"name": "macbook", "source": "5c4d6ad1-120c-4091-bd53-a61e6d0d6a8f-attachment.png", "type": "image/png"}], "start": 1768419938323, "stop": 1768419939130, "uuid": "f412dd1b-8683-41a9-bc84-a6352f36bed6", "historyId": "3b89613efaf44fa96d1f222dfe8c558c", "testCaseId": "3b89613efaf44fa96d1f222dfe8c558c", "fullName": "tests.test_search.TestSearch#test_search_a_valid_element", "labels": [{"name": "parentSuite", "value": "tests"}, {"name": "suite", "value": "test_search"}, {"name": "subSuite", "value": "TestSearch"}, {"name": "host", "value": "DESKTOP-B02M732"}, {"name": "thread", "value": "10880-MainThread"}, {"name": "framework", "value": "pytest"}, {"name": "language", "value": "cpython3"}, {"name": "package", "value": "tests.test_search"}], "titlePath": ["tests", "test_search.py", "TestSearch"]}