{"name": "test_Login_with_incorrect_username_valid_password", "status": "broken", "statusDetails": {"message": "selenium.common.exceptions.TimeoutException: Message: \nStacktrace:\nSymbols not available. Dumping unresolved backtrace:\n\t0x7ff6682688e5\n\t0x7ff668268940\n\t0x7ff66804165d\n\t0x7ff668099a33\n\t0x7ff668099d3c\n\t0x7ff6680edf67\n\t0x7ff6680eac97\n\t0x7ff66808ac29\n\t0x7ff66808ba93\n\t0x7ff668580640\n\t0x7ff66857af80\n\t0x7ff6685996e6\n\t0x7ff668285de4\n\t0x7ff66828ed8c\n\t0x7ff668272004\n\t0x7ff6682721b5\n\t0x7ff668257ee2\n\t0x7ffcc11be8d7\n\t0x7ffcc2a8c53c", "trace": "self = <test_login.TestLogin object at 0x0000024E399E1810>\n\n    @allure.severity(allure.severity_level.NORMAL)\n    def test_Login_with_incorrect_username_valid_password(self):\n        wait = WebDriverWait(self.driver,20)\n        self.driver.find_element(By.ID,\"input-email\").send_keys(\"2016sathishkumar.sk@gmail.com\")\n        self.driver.find_element(By.ID, \"input-password\").send_keys(\"Spectra@1902\")\n        self.driver.find_element(By.CSS_SELECTOR,\"input[type=submit]\").click()\n>       error_alert = wait.until(EC.visibility_of_element_located((By.XPATH, \"//div[contains(@class,'alert-danger') and contains(.,'Warning: No match')]\")))\n                      ^^^^^^^^^^^^^^^^^^^^^^^^^^^^^^^^^^^^^^^^^^^^^^^^^^^^^^^^^^^^^^^^^^^^^^^^^^^^^^^^^^^^^^^^^^^^^^^^^^^^^^^^^^^^^^^^^^^^^^^^^^^^^^^^^^^^^^\n\npackage\\test_login.py:49: \n_ _ _ _ _ _ _ _ _ _ _ _ _ _ _ _ _ _ _ _ _ _ _ _ _ _ _ _ _ _ _ _ _ _ _ _ _ _ _ _ _ _ _ _ _ _ _ _ _ _ _ _ _ _ _ _ _ _ _ _ _ _ _ _ _ _ _ _ _ _ _ _ _ \n\nself = <selenium.webdriver.support.wait.WebDriverWait (session=\"dd274f32b4a5d3c8875cc559c6e232cb\")>\nmethod = <function visibility_of_element_located.<locals>._predicate at 0x0000024E39A985C0>, message = ''\n\n    def until(self, method: Callable[[D], Union[Literal[False], T]], message: str = \"\") -> T:\n        \"\"\"Wait until the method returns a value that is not False.\n    \n        Calls the method provided with the driver as an argument until the\n        return value does not evaluate to ``False``.\n    \n        Parameters:\n        -----------\n        method: callable(WebDriver)\n            - A callable object that takes a WebDriver instance as an argument.\n    \n        message: str\n            - Optional message for :exc:`TimeoutException`\n    \n        Return:\n        -------\n        object: T\n            - The result of the last call to `method`\n    \n        Raises:\n        -------\n        TimeoutException\n            - If 'method' does not return a truthy value within the WebDriverWait\n            object's timeout\n    \n        Example:\n        --------\n        >>> from selenium.webdriver.common.by import By\n        >>> from selenium.webdriver.support.ui import WebDriverWait\n        >>> from selenium.webdriver.support import expected_conditions as EC\n    \n        # Wait until an element is visible on the page\n        >>> wait = WebDriverWait(driver, 10)\n        >>> element = wait.until(EC.visibility_of_element_located((By.ID, \"exampleId\")))\n        >>> print(element.text)\n        \"\"\"\n        screen = None\n        stacktrace = None\n    \n        end_time = time.monotonic() + self._timeout\n        while True:\n            try:\n                value = method(self._driver)\n                if value:\n                    return value\n            except self._ignored_exceptions as exc:\n                screen = getattr(exc, \"screen\", None)\n                stacktrace = getattr(exc, \"stacktrace\", None)\n            if time.monotonic() > end_time:\n                break\n            time.sleep(self._poll)\n>       raise TimeoutException(message, screen, stacktrace)\nE       selenium.common.exceptions.TimeoutException: Message: \nE       Stacktrace:\nE       Symbols not available. Dumping unresolved backtrace:\nE       \t0x7ff6682688e5\nE       \t0x7ff668268940\nE       \t0x7ff66804165d\nE       \t0x7ff668099a33\nE       \t0x7ff668099d3c\nE       \t0x7ff6680edf67\nE       \t0x7ff6680eac97\nE       \t0x7ff66808ac29\nE       \t0x7ff66808ba93\nE       \t0x7ff668580640\nE       \t0x7ff66857af80\nE       \t0x7ff6685996e6\nE       \t0x7ff668285de4\nE       \t0x7ff66828ed8c\nE       \t0x7ff668272004\nE       \t0x7ff6682721b5\nE       \t0x7ff668257ee2\nE       \t0x7ffcc11be8d7\nE       \t0x7ffcc2a8c53c\n\n..\\..\\..\\AppData\\Local\\Programs\\Python\\Python314\\Lib\\site-packages\\selenium\\webdriver\\support\\wait.py:138: TimeoutException"}, "start": 1767617908688, "stop": 1767617929173, "uuid": "613268ea-743b-4be5-acf5-7bc955129364", "historyId": "567b763d97633e72e4a117b3c3f7b988", "testCaseId": "567b763d97633e72e4a117b3c3f7b988", "fullName": "package.test_login.TestLogin#test_Login_with_incorrect_username_valid_password", "labels": [{"name": "severity", "value": "normal"}, {"name": "parentSuite", "value": "package"}, {"name": "suite", "value": "test_login"}, {"name": "subSuite", "value": "TestLogin"}, {"name": "host", "value": "DESKTOP-B02M732"}, {"name": "thread", "value": "12372-MainThread"}, {"name": "framework", "value": "pytest"}, {"name": "language", "value": "cpython3"}, {"name": "package", "value": "package.test_login"}], "titlePath": ["package", "test_login.py", "TestLogin"]}