{"name": "test_Login_with_incorrect_username_valid_password[edge]", "status": "broken", "statusDetails": {"message": "selenium.common.exceptions.TimeoutException: Message: \nStacktrace:\nSymbols not available. Dumping unresolved backtrace:\n\t0x7ff6fd8e87d5\n\t0x7ff6fd858e44\n\t0x7ff6fdc431f2\n\t0x7ff6fd6b2d9e\n\t0x7ff6fd6b2ffb\n\t0x7ff6fd6ee917\n\t0x7ff6fd6aa2e5\n\t0x7ff6fd6ec8de\n\t0x7ff6fd6a982a\n\t0x7ff6fd6a8b33\n\t0x7ff6fd6a9653\n\t0x7ff6fd7922e4\n\t0x7ff6fd7a109c\n\t0x7ff6fd79ac7f\n\t0x7ff6fd979b37\n\t0x7ff6fd8646a6\n\t0x7ff6fd85eab4\n\t0x7ff6fd85ebf9\n\t0x7ff6fd852cbd\n\t0x7ffcc11be8d7\n\t0x7ffcc2a8c53c", "trace": "self = <test_login.TestLogin object at 0x000002001CD22850>\n\n    @allure.severity(allure.severity_level.NORMAL)\n    def test_Login_with_incorrect_username_valid_password(self):\n        wait = WebDriverWait(self.driver,20)\n        self.driver.find_element(By.ID,\"input-email\").send_keys(\"2016sathishkumar.sk@gmail.com\")\n        self.driver.find_element(By.ID, \"input-password\").send_keys(\"Spectra@1902\")\n        self.driver.find_element(By.CSS_SELECTOR,\"input[type=submit]\").click()\n>       error_alert = wait.until(EC.visibility_of_element_located((By.XPATH, \"//div[contains(@class,'alert-danger') and contains(.,'Warning: No match')]\")))\n                      ^^^^^^^^^^^^^^^^^^^^^^^^^^^^^^^^^^^^^^^^^^^^^^^^^^^^^^^^^^^^^^^^^^^^^^^^^^^^^^^^^^^^^^^^^^^^^^^^^^^^^^^^^^^^^^^^^^^^^^^^^^^^^^^^^^^^^^\n\npackage\\test_login.py:49: \n_ _ _ _ _ _ _ _ _ _ _ _ _ _ _ _ _ _ _ _ _ _ _ _ _ _ _ _ _ _ _ _ _ _ _ _ _ _ _ _ _ _ _ _ _ _ _ _ _ _ _ _ _ _ _ _ _ _ _ _ _ _ _ _ _ _ _ _ _ _ _ _ _ \n\nself = <selenium.webdriver.support.wait.WebDriverWait (session=\"c1c3c45d6eea1e3f7f6d3362744aec14\")>\nmethod = <function visibility_of_element_located.<locals>._predicate at 0x000002001CD75640>, message = ''\n\n    def until(self, method: Callable[[D], Union[Literal[False], T]], message: str = \"\") -> T:\n        \"\"\"Wait until the method returns a value that is not False.\n    \n        Calls the method provided with the driver as an argument until the\n        return value does not evaluate to ``False``.\n    \n        Parameters:\n        -----------\n        method: callable(WebDriver)\n            - A callable object that takes a WebDriver instance as an argument.\n    \n        message: str\n            - Optional message for :exc:`TimeoutException`\n    \n        Return:\n        -------\n        object: T\n            - The result of the last call to `method`\n    \n        Raises:\n        -------\n        TimeoutException\n            - If 'method' does not return a truthy value within the WebDriverWait\n            object's timeout\n    \n        Example:\n        --------\n        >>> from selenium.webdriver.common.by import By\n        >>> from selenium.webdriver.support.ui import WebDriverWait\n        >>> from selenium.webdriver.support import expected_conditions as EC\n    \n        # Wait until an element is visible on the page\n        >>> wait = WebDriverWait(driver, 10)\n        >>> element = wait.until(EC.visibility_of_element_located((By.ID, \"exampleId\")))\n        >>> print(element.text)\n        \"\"\"\n        screen = None\n        stacktrace = None\n    \n        end_time = time.monotonic() + self._timeout\n        while True:\n            try:\n                value = method(self._driver)\n                if value:\n                    return value\n            except self._ignored_exceptions as exc:\n                screen = getattr(exc, \"screen\", None)\n                stacktrace = getattr(exc, \"stacktrace\", None)\n            if time.monotonic() > end_time:\n                break\n            time.sleep(self._poll)\n>       raise TimeoutException(message, screen, stacktrace)\nE       selenium.common.exceptions.TimeoutException: Message: \nE       Stacktrace:\nE       Symbols not available. Dumping unresolved backtrace:\nE       \t0x7ff6fd8e87d5\nE       \t0x7ff6fd858e44\nE       \t0x7ff6fdc431f2\nE       \t0x7ff6fd6b2d9e\nE       \t0x7ff6fd6b2ffb\nE       \t0x7ff6fd6ee917\nE       \t0x7ff6fd6aa2e5\nE       \t0x7ff6fd6ec8de\nE       \t0x7ff6fd6a982a\nE       \t0x7ff6fd6a8b33\nE       \t0x7ff6fd6a9653\nE       \t0x7ff6fd7922e4\nE       \t0x7ff6fd7a109c\nE       \t0x7ff6fd79ac7f\nE       \t0x7ff6fd979b37\nE       \t0x7ff6fd8646a6\nE       \t0x7ff6fd85eab4\nE       \t0x7ff6fd85ebf9\nE       \t0x7ff6fd852cbd\nE       \t0x7ffcc11be8d7\nE       \t0x7ffcc2a8c53c\n\n..\\..\\..\\AppData\\Local\\Programs\\Python\\Python314\\Lib\\site-packages\\selenium\\webdriver\\support\\wait.py:138: TimeoutException"}, "parameters": [{"name": "browser", "value": "'edge'"}], "start": 1767621309496, "stop": 1767621330042, "uuid": "2bdf7c49-16e2-4825-b8c4-56415e54e188", "historyId": "0387cfddd8b155f197bba55daf0f300f", "testCaseId": "567b763d97633e72e4a117b3c3f7b988", "fullName": "package.test_login.TestLogin#test_Login_with_incorrect_username_valid_password", "labels": [{"name": "severity", "value": "normal"}, {"name": "parentSuite", "value": "package"}, {"name": "suite", "value": "test_login"}, {"name": "subSuite", "value": "TestLogin"}, {"name": "host", "value": "DESKTOP-B02M732"}, {"name": "thread", "value": "103408-MainThread"}, {"name": "framework", "value": "pytest"}, {"name": "language", "value": "cpython3"}, {"name": "package", "value": "package.test_login"}], "titlePath": ["package", "test_login.py", "TestLogin"]}