{"name": "test_Login_with_correct_username_invalid_password[Firefox]", "status": "broken", "statusDetails": {"message": "selenium.common.exceptions.WebDriverException: Message: Service C:\\Users\\Sathish Kumar\\.cache\\selenium\\msedgedriver\\win64\\143.0.3650.96\\msedgedriver.exe unexpectedly exited. Status code was: 1", "trace": "request = <SubRequest 'browser' for <Function test_Login_with_correct_username_invalid_password[Firefox]>>\n\n    @pytest.fixture(params=[\"Chrome\",\"Firefox\",\"edge\"])\n    def browser(request):\n        chrome_options = Options()\n        chrome_options.add_argument(\"--headless\")\n        firefox_options = Options()\n        firefox_options.add_argument(\"--headless\")\n        edge_options = Options()\n        edge_options.add_argument(\"--headless\")\n        if request.param == \"Chrome\":\n            driver = webdriver.Chrome(chrome_options)\n        elif request.param == \"Firefox\":\n>           driver = webdriver.Firefox(firefox_options)\n                     ^^^^^^^^^^^^^^^^^^^^^^^^^^^^^^^^^^\n\npackage\\conftest.py:24: \n_ _ _ _ _ _ _ _ _ _ _ _ _ _ _ _ _ _ _ _ _ _ _ _ _ _ _ _ _ _ _ _ _ _ _ _ _ _ _ _ _ _ _ _ _ _ _ _ _ _ _ _ _ _ _ _ _ _ _ _ _ _ _ _ _ _ _ _ _ _ _ _ _ \n..\\..\\..\\AppData\\Local\\Programs\\Python\\Python314\\Lib\\site-packages\\selenium\\webdriver\\firefox\\webdriver.py:62: in __init__\n    self.service.start()\n..\\..\\..\\AppData\\Local\\Programs\\Python\\Python314\\Lib\\site-packages\\selenium\\webdriver\\common\\service.py:110: in start\n    self.assert_process_still_running()\n_ _ _ _ _ _ _ _ _ _ _ _ _ _ _ _ _ _ _ _ _ _ _ _ _ _ _ _ _ _ _ _ _ _ _ _ _ _ _ _ _ _ _ _ _ _ _ _ _ _ _ _ _ _ _ _ _ _ _ _ _ _ _ _ _ _ _ _ _ _ _ _ _ \n\nself = <selenium.webdriver.firefox.service.Service object at 0x000001328F51EFD0>\n\n    def assert_process_still_running(self) -> None:\n        \"\"\"Check if the underlying process is still running.\"\"\"\n        return_code = self.process.poll()\n        if return_code:\n>           raise WebDriverException(f\"Service {self._path} unexpectedly exited. Status code was: {return_code}\")\nE           selenium.common.exceptions.WebDriverException: Message: Service C:\\Users\\Sathish Kumar\\.cache\\selenium\\msedgedriver\\win64\\143.0.3650.96\\msedgedriver.exe unexpectedly exited. Status code was: 1\n\n..\\..\\..\\AppData\\Local\\Programs\\Python\\Python314\\Lib\\site-packages\\selenium\\webdriver\\common\\service.py:123: WebDriverException"}, "parameters": [{"name": "browser", "value": "'Firefox'"}], "start": 1767620086420, "stop": 1767620086420, "uuid": "e252acd4-ecc1-43d6-af87-81402e67a275", "historyId": "d69e199082c08f809f61030b13fb332b", "testCaseId": "2f9427f2c1fac5a88353febc97449cdd", "fullName": "package.test_login.TestLogin#test_Login_with_correct_username_invalid_password", "labels": [{"name": "severity", "value": "critical"}, {"name": "parentSuite", "value": "package"}, {"name": "suite", "value": "test_login"}, {"name": "subSuite", "value": "TestLogin"}, {"name": "host", "value": "DESKTOP-B02M732"}, {"name": "thread", "value": "82112-MainThread"}, {"name": "framework", "value": "pytest"}, {"name": "language", "value": "cpython3"}, {"name": "package", "value": "package.test_login"}], "titlePath": ["package", "test_login.py", "TestLogin"]}